
Jamendo five-tag audio:   0%|          | 0/297 [00:00<?, ?it/s]
Jamendo five-tag audio:   0%|          | 1/297 [00:05<28:58,  5.87s/it]
Jamendo five-tag audio:   1%|          | 2/297 [00:25<1:07:45, 13.78s/it]
Jamendo five-tag audio:   1%|          | 3/297 [00:30<48:39,  9.93s/it]  
Jamendo five-tag audio:   1%|▏         | 4/297 [01:11<1:48:53, 22.30s/it]
Jamendo five-tag audio:   2%|▏         | 5/297 [01:36<1:53:12, 23.26s/it]
Jamendo five-tag audio:   2%|▏         | 6/297 [01:45<1:28:46, 18.31s/it]
Jamendo five-tag audio:   2%|▏         | 7/297 [02:02<1:26:16, 17.85s/it]
Jamendo five-tag audio:   3%|▎         | 8/297 [03:27<3:08:26, 39.12s/it]
Jamendo five-tag audio:   3%|▎         | 9/297 [03:48<2:40:39, 33.47s/it]
Jamendo five-tag audio:   3%|▎         | 10/297 [04:20<2:37:49, 33.00s/it]
Jamendo five-tag audio:   4%|▎         | 11/297 [05:21<3:18:38, 41.67s/it]
Jamendo five-tag audio:   4%|▍         | 12/297 [05:42<2:48:43, 35.52s/it]
Jamendo five-tag audio:   4%|▍         | 13/297 [05:47<2:03:39, 26.13s/it]
Jamendo five-tag audio:   5%|▍         | 14/297 [06:52<2:58:38, 37.88s/it]
Jamendo five-tag audio:   5%|▌         | 15/297 [07:04<2:21:22, 30.08s/it]
Jamendo five-tag audio:   5%|▌         | 16/297 [07:08<1:44:40, 22.35s/it]
Jamendo five-tag audio:   6%|▌         | 17/297 [08:29<3:06:15, 39.91s/it]
Jamendo five-tag audio:   6%|▌         | 18/297 [08:32<2:14:09, 28.85s/it]
Jamendo five-tag audio:   6%|▋         | 19/297 [08:39<1:42:50, 22.20s/it]
Jamendo five-tag audio:   7%|▋         | 20/297 [08:43<1:17:50, 16.86s/it]
Jamendo five-tag audio:   7%|▋         | 21/297 [08:48<1:00:19, 13.11s/it]
Jamendo five-tag audio:   7%|▋         | 22/297 [09:05<1:06:34, 14.53s/it]
Jamendo five-tag audio:   8%|▊         | 23/297 [09:59<2:00:30, 26.39s/it]
Jamendo five-tag audio:   8%|▊         | 24/297 [10:06<1:33:05, 20.46s/it]
Jamendo five-tag audio:   8%|▊         | 25/297 [11:31<3:00:37, 39.85s/it]
Jamendo five-tag audio:   9%|▉         | 26/297 [13:28<4:43:36, 62.79s/it]
Jamendo five-tag audio:   9%|▉         | 27/297 [14:33<4:46:24, 63.65s/it]
Jamendo five-tag audio:   9%|▉         | 28/297 [14:51<3:44:24, 50.05s/it]
Jamendo five-tag audio:  10%|▉         | 29/297 [15:10<3:01:22, 40.61s/it]
Jamendo five-tag audio:  10%|█         | 30/297 [15:42<2:48:33, 37.88s/it]
Jamendo five-tag audio:  10%|█         | 31/297 [15:48<2:05:56, 28.41s/it]
Jamendo five-tag audio:  11%|█         | 32/297 [16:24<2:15:16, 30.63s/it]
Jamendo five-tag audio:  11%|█         | 33/297 [16:48<2:06:01, 28.64s/it]
Jamendo five-tag audio:  11%|█▏        | 34/297 [17:04<1:49:06, 24.89s/it]
Jamendo five-tag audio:  12%|█▏        | 35/297 [17:29<1:48:47, 24.92s/it]
Jamendo five-tag audio:  12%|█▏        | 36/297 [19:42<4:09:41, 57.40s/it]
Jamendo five-tag audio:  13%|█▎        | 39/297 [21:09<2:57:53, 41.37s/it]
Jamendo five-tag audio:  14%|█▍        | 42/297 [21:45<2:00:06, 28.26s/it]
Jamendo five-tag audio:  14%|█▍        | 43/297 [22:44<2:22:43, 33.71s/it]
Jamendo five-tag audio:  15%|█▍        | 44/297 [23:57<2:55:17, 41.57s/it]
Jamendo five-tag audio:  15%|█▌        | 45/297 [24:14<2:31:34, 36.09s/it]
Jamendo five-tag audio:  15%|█▌        | 46/297 [25:06<2:47:03, 39.93s/it]
Jamendo five-tag audio:  16%|█▌        | 47/297 [26:15<3:17:35, 47.42s/it]
Jamendo five-tag audio:  16%|█▌        | 48/297 [27:06<3:21:09, 48.47s/it]
Jamendo five-tag audio:  16%|█▋        | 49/297 [27:10<2:29:30, 36.17s/it]
Jamendo five-tag audio:  17%|█▋        | 50/297 [27:45<2:27:07, 35.74s/it]
Jamendo five-tag audio:  17%|█▋        | 51/297 [28:31<2:37:58, 38.53s/it]
Jamendo five-tag audio:  18%|█▊        | 52/297 [28:35<1:57:19, 28.73s/it]
Jamendo five-tag audio:  18%|█▊        | 53/297 [28:49<1:38:44, 24.28s/it]
Jamendo five-tag audio:  18%|█▊        | 54/297 [28:53<1:14:30, 18.40s/it]
Jamendo five-tag audio:  19%|█▊        | 55/297 [29:01<1:01:07, 15.15s/it]
Jamendo five-tag audio:  19%|█▉        | 56/297 [29:48<1:38:56, 24.63s/it]
Jamendo five-tag audio:  19%|█▉        | 57/297 [30:37<2:08:07, 32.03s/it]
Jamendo five-tag audio:  20%|█▉        | 58/297 [30:42<1:34:46, 23.79s/it]
Jamendo five-tag audio:  20%|█▉        | 59/297 [30:46<1:11:16, 17.97s/it]
Jamendo five-tag audio:  20%|██        | 60/297 [31:40<1:53:45, 28.80s/it]
Jamendo five-tag audio:  21%|██        | 61/297 [32:06<1:49:18, 27.79s/it]
Jamendo five-tag audio:  21%|██        | 62/297 [32:36<1:52:04, 28.62s/it]
Jamendo five-tag audio:  21%|██        | 63/297 [32:57<1:42:20, 26.24s/it]
Jamendo five-tag audio:  22%|██▏       | 64/297 [33:44<2:06:18, 32.53s/it]
Jamendo five-tag audio:  22%|██▏       | 65/297 [34:45<2:38:37, 41.03s/it]
Jamendo five-tag audio:  22%|██▏       | 66/297 [35:20<2:31:16, 39.29s/it]
Jamendo five-tag audio:  23%|██▎       | 67/297 [35:46<2:15:12, 35.27s/it]
Jamendo five-tag audio:  23%|██▎       | 68/297 [35:50<1:39:14, 26.00s/it]
Jamendo five-tag audio:  23%|██▎       | 69/297 [36:15<1:37:09, 25.57s/it]
Jamendo five-tag audio:  24%|██▎       | 70/297 [36:20<1:13:20, 19.39s/it]
Jamendo five-tag audio:  24%|██▍       | 71/297 [36:41<1:14:53, 19.88s/it]
Jamendo five-tag audio:  24%|██▍       | 72/297 [37:11<1:25:27, 22.79s/it]
Jamendo five-tag audio:  25%|██▍       | 73/297 [37:30<1:21:36, 21.86s/it]
Jamendo five-tag audio:  25%|██▍       | 74/297 [37:46<1:14:24, 20.02s/it]
Jamendo five-tag audio:  25%|██▌       | 75/297 [37:56<1:02:37, 16.92s/it]
Jamendo five-tag audio:  26%|██▌       | 76/297 [38:28<1:19:27, 21.57s/it]
Jamendo five-tag audio:  26%|██▌       | 77/297 [39:19<1:50:48, 30.22s/it]
Jamendo five-tag audio:  26%|██▋       | 78/297 [39:30<1:29:55, 24.64s/it]
Jamendo five-tag audio:  27%|██▋       | 79/297 [39:36<1:09:25, 19.11s/it]
Jamendo five-tag audio:  27%|██▋       | 80/297 [41:10<2:29:38, 41.38s/it]
Jamendo five-tag audio:  27%|██▋       | 81/297 [41:13<1:48:20, 30.09s/it]
Jamendo five-tag audio:  28%|██▊       | 82/297 [42:32<2:39:53, 44.62s/it]
Jamendo five-tag audio:  28%|██▊       | 83/297 [42:59<2:19:49, 39.20s/it]
Jamendo five-tag audio:  28%|██▊       | 84/297 [43:21<2:01:30, 34.23s/it]
Jamendo five-tag audio:  29%|██▊       | 85/297 [43:26<1:29:54, 25.45s/it]
Jamendo five-tag audio:  29%|██▉       | 86/297 [46:17<4:02:55, 69.08s/it]
Jamendo five-tag audio:  29%|██▉       | 87/297 [46:52<3:26:21, 58.96s/it]
Jamendo five-tag audio:  30%|██▉       | 88/297 [47:32<3:04:45, 53.04s/it]
Jamendo five-tag audio:  30%|██▉       | 89/297 [47:44<2:22:04, 40.99s/it]
Jamendo five-tag audio:  30%|███       | 90/297 [47:48<1:42:16, 29.64s/it]
Jamendo five-tag audio:  31%|███       | 91/297 [47:55<1:19:00, 23.01s/it]
Jamendo five-tag audio:  31%|███       | 92/297 [47:58<57:52, 16.94s/it]  
Jamendo five-tag audio:  31%|███▏      | 93/297 [48:13<55:24, 16.30s/it]
Jamendo five-tag audio:  32%|███▏      | 94/297 [48:20<46:16, 13.68s/it]
Jamendo five-tag audio:  32%|███▏      | 95/297 [48:26<38:21, 11.39s/it]
Jamendo five-tag audio:  32%|███▏      | 96/297 [49:15<1:15:22, 22.50s/it]
Jamendo five-tag audio:  33%|███▎      | 97/297 [49:20<57:13, 17.17s/it]  
Jamendo five-tag audio:  33%|███▎      | 98/297 [49:47<1:07:22, 20.31s/it]
Jamendo five-tag audio:  33%|███▎      | 99/297 [50:21<1:20:20, 24.35s/it]
Jamendo five-tag audio:  34%|███▎      | 100/297 [51:19<1:53:11, 34.47s/it]
Jamendo five-tag audio:  34%|███▍      | 101/297 [52:29<2:27:36, 45.19s/it]
Jamendo five-tag audio:  34%|███▍      | 102/297 [52:34<1:47:03, 32.94s/it]
Jamendo five-tag audio:  35%|███▍      | 103/297 [52:43<1:23:56, 25.96s/it]
Jamendo five-tag audio:  35%|███▌      | 104/297 [52:52<1:06:48, 20.77s/it]
Jamendo five-tag audio:  35%|███▌      | 105/297 [52:58<52:03, 16.27s/it]  
Jamendo five-tag audio:  36%|███▌      | 106/297 [53:04<42:06, 13.23s/it]
Jamendo five-tag audio:  36%|███▌      | 107/297 [53:34<58:10, 18.37s/it]
Jamendo five-tag audio:  36%|███▋      | 108/297 [53:41<46:44, 14.84s/it]
Jamendo five-tag audio:  37%|███▋      | 109/297 [53:47<38:46, 12.37s/it]
Jamendo five-tag audio:  37%|███▋      | 110/297 [54:25<1:02:34, 20.08s/it]
Jamendo five-tag audio:  37%|███▋      | 111/297 [54:30<47:24, 15.30s/it]  
Jamendo five-tag audio:  38%|███▊      | 112/297 [54:34<36:58, 11.99s/it]
Jamendo five-tag audio:  38%|███▊      | 113/297 [54:54<44:10, 14.40s/it]
Jamendo five-tag audio:  38%|███▊      | 114/297 [55:12<47:42, 15.64s/it]
Jamendo five-tag audio:  39%|███▊      | 115/297 [55:58<1:14:19, 24.50s/it]
Jamendo five-tag audio:  39%|███▉      | 116/297 [56:21<1:13:21, 24.32s/it]
Jamendo five-tag audio:  39%|███▉      | 117/297 [56:32<1:00:08, 20.05s/it]
Jamendo five-tag audio:  40%|███▉      | 118/297 [56:44<53:12, 17.83s/it]  
Jamendo five-tag audio:  40%|████      | 119/297 [57:23<1:11:48, 24.21s/it]
Jamendo five-tag audio:  40%|████      | 120/297 [57:36<1:00:54, 20.65s/it]
Jamendo five-tag audio:  41%|████      | 121/297 [58:06<1:09:27, 23.68s/it]
Jamendo five-tag audio:  41%|████      | 122/297 [58:21<1:01:11, 20.98s/it]
Jamendo five-tag audio:  41%|████▏     | 123/297 [58:25<46:25, 16.01s/it]  
Jamendo five-tag audio:  42%|████▏     | 124/297 [58:30<36:15, 12.58s/it]
Jamendo five-tag audio:  42%|████▏     | 125/297 [58:34<28:18,  9.88s/it]
Jamendo five-tag audio:  42%|████▏     | 126/297 [58:39<24:24,  8.56s/it]
Jamendo five-tag audio:  43%|████▎     | 127/297 [58:46<22:46,  8.04s/it]
Jamendo five-tag audio:  43%|████▎     | 128/297 [58:53<21:27,  7.62s/it]
Jamendo five-tag audio:  43%|████▎     | 129/297 [58:59<20:43,  7.40s/it]
Jamendo five-tag audio:  44%|████▍     | 130/297 [59:07<20:52,  7.50s/it]
Jamendo five-tag audio:  44%|████▍     | 131/297 [59:15<21:11,  7.66s/it]
Jamendo five-tag audio:  44%|████▍     | 132/297 [59:24<22:19,  8.12s/it]
Jamendo five-tag audio:  45%|████▍     | 133/297 [1:00:20<1:01:04, 22.35s/it]
Jamendo five-tag audio:  45%|████▌     | 134/297 [1:00:47<1:04:23, 23.71s/it]
Jamendo five-tag audio:  45%|████▌     | 135/297 [1:01:08<1:02:15, 23.06s/it]
Jamendo five-tag audio:  46%|████▌     | 136/297 [1:01:13<47:00, 17.52s/it]  
Jamendo five-tag audio:  46%|████▌     | 137/297 [1:01:46<59:14, 22.21s/it]
Jamendo five-tag audio:  46%|████▋     | 138/297 [1:01:50<43:59, 16.60s/it]
Jamendo five-tag audio:  47%|████▋     | 139/297 [1:02:38<1:08:29, 26.01s/it]
Jamendo five-tag audio:  47%|████▋     | 140/297 [1:02:43<51:59, 19.87s/it]  
Jamendo five-tag audio:  47%|████▋     | 141/297 [1:02:51<42:23, 16.31s/it]
Jamendo five-tag audio:  48%|████▊     | 142/297 [1:02:59<35:21, 13.69s/it]
Jamendo five-tag audio:  48%|████▊     | 143/297 [1:03:10<33:24, 13.02s/it]
Jamendo five-tag audio:  48%|████▊     | 144/297 [1:03:29<37:38, 14.76s/it]
Jamendo five-tag audio:  49%|████▉     | 145/297 [1:03:46<38:52, 15.34s/it]
Jamendo five-tag audio:  49%|████▉     | 146/297 [1:03:51<31:13, 12.41s/it]
Jamendo five-tag audio:  49%|████▉     | 147/297 [1:04:50<1:05:54, 26.36s/it]
Jamendo five-tag audio:  50%|████▉     | 148/297 [1:05:21<1:08:24, 27.55s/it]
Jamendo five-tag audio:  50%|█████     | 149/297 [1:05:25<50:50, 20.61s/it]  
Jamendo five-tag audio:  51%|█████     | 150/297 [1:05:27<37:11, 15.18s/it]
Jamendo five-tag audio:  51%|█████     | 151/297 [1:05:50<41:59, 17.26s/it]
Jamendo five-tag audio:  51%|█████     | 152/297 [1:05:53<31:54, 13.20s/it]
Jamendo five-tag audio:  52%|█████▏    | 153/297 [1:05:57<24:48, 10.33s/it]
Jamendo five-tag audio:  52%|█████▏    | 154/297 [1:06:20<34:02, 14.28s/it]
Jamendo five-tag audio:  52%|█████▏    | 155/297 [1:06:55<47:59, 20.28s/it]
Jamendo five-tag audio:  53%|█████▎    | 156/297 [1:07:30<58:10, 24.76s/it]
Jamendo five-tag audio:  53%|█████▎    | 157/297 [1:09:03<1:45:21, 45.15s/it]
Jamendo five-tag audio:  53%|█████▎    | 158/297 [1:09:18<1:23:36, 36.09s/it]
Jamendo five-tag audio:  54%|█████▎    | 159/297 [1:09:35<1:10:01, 30.45s/it]
Jamendo five-tag audio:  54%|█████▍    | 160/297 [1:09:47<56:58, 24.95s/it]  
Jamendo five-tag audio:  54%|█████▍    | 161/297 [1:10:09<54:29, 24.04s/it]
Jamendo five-tag audio:  55%|█████▍    | 162/297 [1:10:16<42:56, 19.08s/it]
Jamendo five-tag audio:  55%|█████▍    | 163/297 [1:10:21<32:40, 14.63s/it]
Jamendo five-tag audio:  55%|█████▌    | 164/297 [1:10:32<30:26, 13.74s/it]
Jamendo five-tag audio:  56%|█████▌    | 165/297 [1:10:37<24:19, 11.05s/it]
Jamendo five-tag audio:  56%|█████▌    | 166/297 [1:11:06<35:49, 16.41s/it]
Jamendo five-tag audio:  56%|█████▌    | 167/297 [1:11:17<32:07, 14.83s/it]
Jamendo five-tag audio:  57%|█████▋    | 168/297 [1:11:30<30:25, 14.15s/it]
Jamendo five-tag audio:  57%|█████▋    | 169/297 [1:11:52<35:27, 16.62s/it]
Jamendo five-tag audio:  57%|█████▋    | 170/297 [1:12:01<30:12, 14.27s/it]
Jamendo five-tag audio:  58%|█████▊    | 171/297 [1:12:06<24:20, 11.59s/it]
Jamendo five-tag audio:  58%|█████▊    | 172/297 [1:12:12<20:20,  9.76s/it]
Jamendo five-tag audio:  58%|█████▊    | 173/297 [1:12:32<26:43, 12.93s/it]
Jamendo five-tag audio:  59%|█████▊    | 174/297 [1:12:56<33:21, 16.27s/it]
Jamendo five-tag audio:  59%|█████▉    | 175/297 [1:13:17<35:38, 17.53s/it]
Jamendo five-tag audio:  59%|█████▉    | 176/297 [1:13:21<27:17, 13.53s/it]
Jamendo five-tag audio:  60%|█████▉    | 177/297 [1:13:34<26:47, 13.40s/it]
Jamendo five-tag audio:  60%|█████▉    | 178/297 [1:13:47<26:21, 13.29s/it]
Jamendo five-tag audio:  60%|██████    | 179/297 [1:13:50<20:21, 10.35s/it]
Jamendo five-tag audio:  61%|██████    | 180/297 [1:13:57<18:09,  9.31s/it]
Jamendo five-tag audio:  61%|██████    | 181/297 [1:14:09<19:07,  9.89s/it]
Jamendo five-tag audio:  61%|██████▏   | 182/297 [1:15:01<43:11, 22.54s/it]
Jamendo five-tag audio:  62%|██████▏   | 183/297 [1:15:07<33:40, 17.72s/it]
Jamendo five-tag audio:  62%|██████▏   | 184/297 [1:15:12<26:03, 13.83s/it]
Jamendo five-tag audio:  62%|██████▏   | 185/297 [1:15:17<20:41, 11.09s/it]
Jamendo five-tag audio:  63%|██████▎   | 186/297 [1:15:21<16:40,  9.02s/it]
Jamendo five-tag audio:  63%|██████▎   | 187/297 [1:15:33<18:25, 10.05s/it]
Jamendo five-tag audio:  63%|██████▎   | 188/297 [1:16:11<33:15, 18.31s/it]
Jamendo five-tag audio:  64%|██████▎   | 189/297 [1:16:15<25:36, 14.23s/it]
Jamendo five-tag audio:  64%|██████▍   | 190/297 [1:16:22<21:19, 11.96s/it]
Jamendo five-tag audio:  64%|██████▍   | 191/297 [1:16:53<31:19, 17.73s/it]
Jamendo five-tag audio:  65%|██████▍   | 192/297 [1:17:37<44:49, 25.61s/it]
Jamendo five-tag audio:  65%|██████▍   | 193/297 [1:20:16<1:53:44, 65.62s/it]
Jamendo five-tag audio:  65%|██████▌   | 194/297 [1:22:15<2:20:02, 81.57s/it]
Jamendo five-tag audio:  66%|██████▌   | 195/297 [1:22:20<1:39:40, 58.64s/it]
Jamendo five-tag audio:  66%|██████▌   | 196/297 [1:22:41<1:19:28, 47.21s/it]
Jamendo five-tag audio:  66%|██████▋   | 197/297 [1:22:50<59:38, 35.78s/it]  
Jamendo five-tag audio:  67%|██████▋   | 198/297 [1:23:38<1:04:56, 39.35s/it]
Jamendo five-tag audio:  67%|██████▋   | 199/297 [1:23:47<49:30, 30.31s/it]  
Jamendo five-tag audio:  67%|██████▋   | 200/297 [1:24:14<47:27, 29.36s/it]
Jamendo five-tag audio:  68%|██████▊   | 201/297 [1:24:17<34:24, 21.51s/it]
Jamendo five-tag audio:  68%|██████▊   | 202/297 [1:25:03<45:40, 28.85s/it]
Jamendo five-tag audio:  68%|██████▊   | 203/297 [1:25:23<41:08, 26.26s/it]
Jamendo five-tag audio:  69%|██████▊   | 204/297 [1:25:56<43:45, 28.23s/it]
Jamendo five-tag audio:  69%|██████▉   | 205/297 [1:27:09<1:03:47, 41.60s/it]
Jamendo five-tag audio:  69%|██████▉   | 206/297 [1:27:13<45:55, 30.28s/it]  
Jamendo five-tag audio:  70%|██████▉   | 207/297 [1:27:16<33:24, 22.27s/it]
Jamendo five-tag audio:  70%|███████   | 208/297 [1:27:19<24:28, 16.50s/it]
Jamendo five-tag audio:  70%|███████   | 209/297 [1:27:25<19:22, 13.21s/it]
Jamendo five-tag audio:  71%|███████   | 210/297 [1:27:33<16:50, 11.62s/it]
Jamendo five-tag audio:  71%|███████   | 211/297 [1:27:37<13:33,  9.46s/it]
Jamendo five-tag audio:  71%|███████▏  | 212/297 [1:27:40<10:38,  7.52s/it]
Jamendo five-tag audio:  72%|███████▏  | 213/297 [1:27:45<09:26,  6.74s/it]
Jamendo five-tag audio:  72%|███████▏  | 214/297 [1:27:49<07:57,  5.75s/it]
Jamendo five-tag audio:  72%|███████▏  | 215/297 [1:27:55<08:07,  5.95s/it]
Jamendo five-tag audio:  73%|███████▎  | 216/297 [1:28:00<07:40,  5.69s/it]
Jamendo five-tag audio:  73%|███████▎  | 217/297 [1:28:07<08:09,  6.11s/it]
Jamendo five-tag audio:  73%|███████▎  | 218/297 [1:28:11<07:14,  5.50s/it]
Jamendo five-tag audio:  74%|███████▎  | 219/297 [1:28:16<06:44,  5.19s/it]
Jamendo five-tag audio:  74%|███████▍  | 220/297 [1:28:33<11:19,  8.82s/it]
Jamendo five-tag audio:  74%|███████▍  | 221/297 [1:28:35<08:41,  6.87s/it]
Jamendo five-tag audio:  75%|███████▍  | 222/297 [1:28:45<09:43,  7.78s/it]
Jamendo five-tag audio:  75%|███████▌  | 223/297 [1:28:51<08:45,  7.10s/it]
Jamendo five-tag audio:  75%|███████▌  | 224/297 [1:29:30<20:18, 16.69s/it]
Jamendo five-tag audio:  76%|███████▌  | 225/297 [1:30:20<32:13, 26.86s/it]
Jamendo five-tag audio:  76%|███████▌  | 226/297 [1:30:26<24:15, 20.49s/it]
Jamendo five-tag audio:  76%|███████▋  | 227/297 [1:30:30<18:03, 15.48s/it]
Jamendo five-tag audio:  77%|███████▋  | 228/297 [1:30:40<15:51, 13.79s/it]
Jamendo five-tag audio:  77%|███████▋  | 229/297 [1:30:44<12:23, 10.93s/it]
Jamendo five-tag audio:  77%|███████▋  | 230/297 [1:30:48<10:01,  8.97s/it]
Jamendo five-tag audio:  78%|███████▊  | 231/297 [1:31:00<10:40,  9.71s/it]
Jamendo five-tag audio:  78%|███████▊  | 232/297 [1:31:36<19:00, 17.55s/it]
Jamendo five-tag audio:  78%|███████▊  | 233/297 [1:32:38<33:08, 31.06s/it]
Jamendo five-tag audio:  79%|███████▉  | 234/297 [1:33:48<44:41, 42.56s/it]
Jamendo five-tag audio:  79%|███████▉  | 235/297 [1:34:53<51:08, 49.49s/it]
Jamendo five-tag audio:  79%|███████▉  | 236/297 [1:35:27<45:25, 44.69s/it]
Jamendo five-tag audio:  80%|███████▉  | 237/297 [1:35:54<39:31, 39.52s/it]
Jamendo five-tag audio:  80%|████████  | 238/297 [1:36:33<38:40, 39.33s/it]
Jamendo five-tag audio:  80%|████████  | 239/297 [1:37:33<44:02, 45.56s/it]
Jamendo five-tag audio:  81%|████████  | 240/297 [1:37:47<34:15, 36.06s/it]
Jamendo five-tag audio:  81%|████████  | 241/297 [1:37:50<24:30, 26.25s/it]
Jamendo five-tag audio:  81%|████████▏ | 242/297 [1:37:54<17:54, 19.54s/it]
Jamendo five-tag audio:  82%|████████▏ | 243/297 [1:39:04<31:00, 34.45s/it]
Jamendo five-tag audio:  82%|████████▏ | 244/297 [1:40:18<40:58, 46.39s/it]
Jamendo five-tag audio:  82%|████████▏ | 245/297 [1:40:22<29:10, 33.66s/it]
Jamendo five-tag audio:  83%|████████▎ | 246/297 [1:41:33<38:11, 44.94s/it]
Jamendo five-tag audio:  83%|████████▎ | 247/297 [1:41:39<27:43, 33.27s/it]
Jamendo five-tag audio:  84%|████████▎ | 248/297 [1:42:00<24:10, 29.60s/it]
Jamendo five-tag audio:  84%|████████▍ | 249/297 [1:42:05<17:38, 22.05s/it]
Jamendo five-tag audio:  84%|████████▍ | 250/297 [1:42:16<14:48, 18.90s/it]
Jamendo five-tag audio:  85%|████████▍ | 251/297 [1:42:19<10:43, 13.98s/it]
Jamendo five-tag audio:  85%|████████▍ | 252/297 [1:42:43<12:51, 17.14s/it]
Jamendo five-tag audio:  85%|████████▌ | 253/297 [1:42:57<11:49, 16.12s/it]
Jamendo five-tag audio:  86%|████████▌ | 254/297 [1:43:56<20:51, 29.10s/it]
Jamendo five-tag audio:  86%|████████▌ | 255/297 [1:44:04<15:48, 22.58s/it]
Jamendo five-tag audio:  86%|████████▌ | 256/297 [1:44:23<14:44, 21.58s/it]
Jamendo five-tag audio:  87%|████████▋ | 257/297 [1:44:34<12:17, 18.43s/it]
Jamendo five-tag audio:  87%|████████▋ | 258/297 [1:44:52<11:53, 18.30s/it]
Jamendo five-tag audio:  87%|████████▋ | 259/297 [1:44:56<08:57, 14.15s/it]
Jamendo five-tag audio:  88%|████████▊ | 260/297 [1:45:32<12:38, 20.51s/it]
Jamendo five-tag audio:  88%|████████▊ | 261/297 [1:45:43<10:34, 17.62s/it]
Jamendo five-tag audio:  88%|████████▊ | 262/297 [1:46:05<11:05, 19.01s/it]
Jamendo five-tag audio:  89%|████████▊ | 263/297 [1:46:15<09:17, 16.38s/it]
Jamendo five-tag audio:  89%|████████▉ | 264/297 [1:46:19<06:54, 12.56s/it]
Jamendo five-tag audio:  89%|████████▉ | 265/297 [1:47:05<12:09, 22.79s/it]
Jamendo five-tag audio:  90%|████████▉ | 266/297 [1:47:19<10:23, 20.11s/it]
Jamendo five-tag audio:  90%|████████▉ | 267/297 [1:47:27<08:15, 16.52s/it]
Jamendo five-tag audio:  90%|█████████ | 268/297 [1:47:42<07:45, 16.05s/it]
Jamendo five-tag audio:  91%|█████████ | 269/297 [1:48:17<10:01, 21.49s/it]
Jamendo five-tag audio:  91%|█████████ | 270/297 [1:48:20<07:17, 16.21s/it]
Jamendo five-tag audio:  91%|█████████ | 271/297 [1:48:28<05:53, 13.59s/it]
Jamendo five-tag audio:  92%|█████████▏| 272/297 [1:49:56<14:57, 35.90s/it]
Jamendo five-tag audio:  92%|█████████▏| 273/297 [1:52:14<26:34, 66.43s/it]
Jamendo five-tag audio:  92%|█████████▏| 274/297 [1:52:17<18:11, 47.47s/it]
Jamendo five-tag audio:  93%|█████████▎| 275/297 [1:52:26<13:09, 35.89s/it]
Jamendo five-tag audio:  93%|█████████▎| 276/297 [1:52:28<09:04, 25.93s/it]
Jamendo five-tag audio:  93%|█████████▎| 277/297 [1:53:04<09:35, 28.80s/it]
Jamendo five-tag audio:  94%|█████████▎| 278/297 [1:53:08<06:48, 21.49s/it]
Jamendo five-tag audio:  94%|█████████▍| 279/297 [1:53:53<08:33, 28.53s/it]
Jamendo five-tag audio:  94%|█████████▍| 280/297 [1:54:32<08:57, 31.64s/it]
Jamendo five-tag audio:  95%|█████████▍| 281/297 [1:56:02<13:07, 49.23s/it]
Jamendo five-tag audio:  95%|█████████▍| 282/297 [1:56:07<08:58, 35.93s/it]
Jamendo five-tag audio:  95%|█████████▌| 283/297 [1:56:15<06:25, 27.55s/it]
Jamendo five-tag audio:  96%|█████████▌| 284/297 [1:57:05<07:23, 34.13s/it]
Jamendo five-tag audio:  96%|█████████▌| 285/297 [1:57:07<04:55, 24.60s/it]
Jamendo five-tag audio:  96%|█████████▋| 286/297 [1:58:21<07:14, 39.47s/it]
Jamendo five-tag audio:  97%|█████████▋| 287/297 [1:59:08<06:55, 41.54s/it]
Jamendo five-tag audio:  97%|█████████▋| 288/297 [1:59:59<06:41, 44.63s/it]
Jamendo five-tag audio:  97%|█████████▋| 289/297 [2:00:34<05:33, 41.74s/it]
Jamendo five-tag audio:  98%|█████████▊| 290/297 [2:00:40<03:36, 30.96s/it]
Jamendo five-tag audio:  98%|█████████▊| 291/297 [2:00:45<02:19, 23.17s/it]
Jamendo five-tag audio:  98%|█████████▊| 292/297 [2:02:01<03:14, 38.84s/it]
Jamendo five-tag audio:  99%|█████████▊| 293/297 [2:02:45<02:42, 40.55s/it]
Jamendo five-tag audio:  99%|█████████▉| 294/297 [2:03:26<02:02, 40.73s/it]
Jamendo five-tag audio:  99%|█████████▉| 295/297 [2:03:54<01:13, 36.78s/it]
Jamendo five-tag audio: 100%|█████████▉| 296/297 [2:04:52<00:43, 43.26s/it]
Jamendo five-tag audio: 100%|██████████| 297/297 [2:04:56<00:00, 31.48s/it]
Jamendo five-tag audio: 100%|██████████| 297/297 [2:04:56<00:00, 25.24s/it]
{
  "manifest": "/home/mc46451/music-recommendation/data/eval/jamendo_five_tag_manifest.jsonl",
  "n_tracks": 297,
  "max_per_tag": 60,
  "positives_per_tag": {
    "pub_piano": 95,
    "pub_guitar": 75,
    "pub_vocal": 63,
    "pub_relaxing": 71,
    "pub_epic": 61
  },
  "audio_dir": "/home/mc46451/music-recommendation/data/public_eval/jamendo/audio_five_tag"
}
download stats: {'ok': 293, 'skip': 4, 'fail': 0}
